google_jimfs=[INFO] Tests run: 8, Failures: 0, Errors: 0, Skipped: 0, Time elapsed: 3.366 s - in com.google.common.jimfs.AbstractWatchServiceTest
[INFO] Tests run: 3, Failures: 0, Errors: 0, Skipped: 0, Time elapsed: 1.346 s - in com.google.common.jimfs.AclAttributeProviderTest
[INFO] Tests run: 22, Failures: 0, Errors: 0, Skipped: 0, Time elapsed: 5.366 s - in com.google.common.jimfs.AttributeServiceTest
[INFO] Tests run: 6, Failures: 0, Errors: 0, Skipped: 0, Time elapsed: 1.543 s - in com.google.common.jimfs.BasicAttributeProviderTest
[INFO] Tests run: 1, Failures: 0, Errors: 0, Skipped: 0, Time elapsed: 1.813 s - in com.google.common.jimfs.ClassLoaderTest
[INFO] Tests run: 16, Failures: 0, Errors: 0, Skipped: 0, Time elapsed: 4.234 s - in com.google.common.jimfs.ConfigurationTest
[INFO] Tests run: 20, Failures: 0, Errors: 0, Skipped: 0, Time elapsed: 5.062 s - in com.google.common.jimfs.DirectoryTest
[INFO] Tests run: 4, Failures: 0, Errors: 0, Skipped: 0, Time elapsed: 1.331 s - in com.google.common.jimfs.DosAttributeProviderTest
[INFO] Tests run: 2, Failures: 0, Errors: 0, Skipped: 0, Time elapsed: 0.687 s - in com.google.common.jimfs.FileFactoryTest
[INFO] Tests run: 8, Failures: 0, Errors: 0, Skipped: 0, Time elapsed: 4.132 s - in com.google.common.jimfs.FileSystemStateTest
[INFO] Tests run: 7, Failures: 0, Errors: 0, Skipped: 0, Time elapsed: 1.804 s - in com.google.common.jimfs.FileTest
[INFO] Tests run: 27, Failures: 0, Errors: 0, Skipped: 0, Time elapsed: 6.101 s - in com.google.common.jimfs.FileTreeTest
[INFO] Tests run: 10, Failures: 0, Errors: 0, Skipped: 0, Time elapsed: 2.529 s - in com.google.common.jimfs.HeapDiskTest
[INFO] Tests run: 4, Failures: 0, Errors: 0, Skipped: 0, Time elapsed: 3.223 s - in com.google.common.jimfs.JimfsAsynchronousFileChannelTest
[INFO] Tests run: 24, Failures: 0, Errors: 0, Skipped: 0, Time elapsed: 12.677 s - in com.google.common.jimfs.JimfsFileChannelTest
[INFO] Tests run: 10, Failures: 0, Errors: 0, Skipped: 0, Time elapsed: 3.664 s - in com.google.common.jimfs.JimfsFileSystemCloseTest
[INFO] Tests run: 13, Failures: 0, Errors: 0, Skipped: 0, Time elapsed: 3.759 s - in com.google.common.jimfs.JimfsInputStreamTest
[INFO] Tests run: 12, Failures: 0, Errors: 0, Skipped: 0, Time elapsed: 3.623 s - in com.google.common.jimfs.JimfsOutputStreamTest
[INFO] Tests run: 34, Failures: 0, Errors: 0, Skipped: 0, Time elapsed: 135.277 s - in com.google.common.jimfs.JimfsPathTest
[INFO] Tests run: 100, Failures: 0, Errors: 0, Skipped: 0, Time elapsed: 39.542 s - in com.google.common.jimfs.JimfsUnixLikeFileSystemTest
[INFO] Tests run: 25, Failures: 0, Errors: 0, Skipped: 0, Time elapsed: 10.402 s - in com.google.common.jimfs.JimfsWindowsLikeFileSystemTest
[INFO] Tests run: 1, Failures: 0, Errors: 0, Skipped: 0, Time elapsed: 1.361 s - in com.google.common.jimfs.NameTest
[INFO] Tests run: 3, Failures: 0, Errors: 0, Skipped: 0, Time elapsed: 1.749 s - in com.google.common.jimfs.OwnerAttributeProviderTest
[INFO] Tests run: 18, Failures: 0, Errors: 0, Skipped: 0, Time elapsed: 33.362 s - in com.google.common.jimfs.PathNormalizationTest
[INFO] Tests run: 10, Failures: 0, Errors: 0, Skipped: 0, Time elapsed: 5.023 s - in com.google.common.jimfs.PathServiceTest
[INFO] Tests run: 6, Failures: 0, Errors: 0, Skipped: 0, Time elapsed: 3.143 s - in com.google.common.jimfs.PathTypeTest
[INFO] Tests run: 8, Failures: 0, Errors: 0, Skipped: 0, Time elapsed: 4.676 s - in com.google.common.jimfs.PollingWatchServiceTest
[INFO] Tests run: 5, Failures: 0, Errors: 0, Skipped: 0, Time elapsed: 3.074 s - in com.google.common.jimfs.PosixAttributeProviderTest
[INFO] Tests run: 12, Failures: 0, Errors: 0, Skipped: 0, Time elapsed: 46.831 s - in com.google.common.jimfs.RegexGlobMatcherTest
[INFO] Tests run: 5, Failures: 0, Errors: 0, Skipped: 0, Time elapsed: 4.233 s - in com.google.common.jimfs.RegularFileBlocksTest
[INFO] Tests run: 5376, Failures: 0, Errors: 0, Skipped: 0, Time elapsed: 6,859.35 s - in com.google.common.jimfs.RegularFileTest
[INFO] Tests run: 2, Failures: 0, Errors: 0, Skipped: 0, Time elapsed: 3.155 s - in com.google.common.jimfs.UnixAttributeProviderTest
[INFO] Tests run: 5, Failures: 0, Errors: 0, Skipped: 0, Time elapsed: 4.162 s - in com.google.common.jimfs.UnixPathTypeTest
[INFO] Tests run: 5, Failures: 0, Errors: 0, Skipped: 0, Time elapsed: 5.263 s - in com.google.common.jimfs.UrlTest
[INFO] Tests run: 4, Failures: 0, Errors: 0, Skipped: 0, Time elapsed: 5.629 s - in com.google.common.jimfs.UserDefinedAttributeProviderTest
[INFO] Tests run: 2, Failures: 0, Errors: 0, Skipped: 0, Time elapsed: 2.165 s - in com.google.common.jimfs.UserLookupServiceTest
[INFO] Tests run: 2, Failures: 0, Errors: 0, Skipped: 0, Time elapsed: 2.444 s - in com.google.common.jimfs.WatchServiceConfigurationTest
[INFO] Tests run: 10, Failures: 0, Errors: 0, Skipped: 0, Time elapsed: 8.751 s - in com.google.common.jimfs.WindowsPathTypeTest