jayway_awaitility=[INFO] Tests run: 14, Failures: 0, Errors: 0, Skipped: 0, Time elapsed: 12.984 s - in org.awaitility.AwaitilityIgnoreExceptionsTest
jayway_awaitility=[INFO] Tests run: 2, Failures: 0, Errors: 0, Skipped: 0, Time elapsed: 2.379 s - in org.awaitility.AwaitilityReturnValuesTest
jayway_awaitility=[INFO] Tests run: 33, Failures: 0, Errors: 0, Skipped: 0, Time elapsed: 26.014 s - in org.awaitility.AwaitilityTest
jayway_awaitility=[INFO] Tests run: 10, Failures: 0, Errors: 0, Skipped: 0, Time elapsed: 17.341 s - in org.awaitility.ConditionEvaluationListenerTest
jayway_awaitility=[INFO] Tests run: 4, Failures: 0, Errors: 0, Skipped: 0, Time elapsed: 1.23 s - in org.awaitility.core.HamcrestToStringFilterTest
jayway_awaitility=[INFO] Tests run: 1, Failures: 0, Errors: 0, Skipped: 0, Time elapsed: 1.063 s - in org.awaitility.DeadlockDetectionTest
jayway_awaitility=[INFO] Tests run: 33, Failures: 0, Errors: 0, Skipped: 0, Time elapsed: 10.609 s - in org.awaitility.DurationTest
jayway_awaitility=[INFO] Tests run: 1, Failures: 0, Errors: 0, Skipped: 0, Time elapsed: 1.216 s - in org.awaitility.ExceptionsInSetupAreIgnoredWhenIgnoreExceptionsIsActiveTest
jayway_awaitility=[INFO] Tests run: 2, Failures: 0, Errors: 0, Skipped: 0, Time elapsed: 0.836 s - in org.awaitility.pollinterval.FibonacciPollIntervalTest
jayway_awaitility=[INFO] Tests run: 8, Failures: 0, Errors: 0, Skipped: 0, Time elapsed: 6.914 s - in org.awaitility.UsingAtomicTest
jayway_awaitility=[INFO] Tests run: 19, Failures: 0, Errors: 0, Skipped: 0, Time elapsed: 11.658 s - in org.awaitility.UsingFieldSupplierTest
jayway_awaitility=[INFO] Tests run: 4, Failures: 0, Errors: 0, Skipped: 0, Time elapsed: 5.094 s - in org.awaitility.WaitForAtomicBooleanTest
jayway_awaitility=[INFO] Tests run: 11, Failures: 0, Errors: 0, Skipped: 0, Time elapsed: 10.445 s - in org.awaitility.proxy.AwaitilityProxyTest
jayway_awaitility=[INFO] Tests run: 4, Failures: 0, Errors: 0, Skipped: 0, Time elapsed: 7.443 s - in org.awaitility.proxy.DemoTest
jayway_awaitility=[WARNING] Tests run: 1, Failures: 0, Errors: 0, Skipped: 1, Time elapsed: 0.686 s - in org.awaitility.proxy.ErrorMessageTest
jayway_awaitility=[INFO] Tests run: 3, Failures: 0, Errors: 0, Skipped: 0, Time elapsed: 1.199 s - in org.awaitility.proxy.internal.ByteBuddyProxyCreatorTest
jayway_awaitility=[INFO] Tests run: 2, Failures: 0, Errors: 0, Skipped: 0, Time elapsed: 3.041 s - in org.awaitility.proxy.internal.MethodCallRecorderTest
jayway_awaitility=[INFO] Tests run: 7, Failures: 0, Errors: 0, Skipped: 0, Time elapsed: 6.844 s - in org.awaitility.scala.AwaitilitySupportTest
jayway_awaitility=[INFO] Tests run: 6, Failures: 0, Errors: 0, Skipped: 0, Time elapsed: 6.026 s - in org.awaitility.groovy.AwaitilityExtensionModuleGroovyTest
jayway_awaitility=[INFO] Tests run: 8, Failures: 0, Errors: 0, Skipped: 0, Time elapsed: 8.602 s - in org.awaitility.groovy.AwaitilityExtensionModuleTest
jayway_awaitility=[WARNING] Tests run: 1, Failures: 0, Errors: 0, Skipped: 1, Time elapsed: 0.404 s - in org.awaitility.test.osgi.AwaitilityTest
jayway_awaitility=[INFO] Tests run: 4, Failures: 0, Errors: 0, Skipped: 0, Time elapsed: 2.813 s - in org.awaitility.AwaitilityCustomThreadMultipleWaitTest
jayway_awaitility=[INFO] Tests run: 4, Failures: 0, Errors: 0, Skipped: 0, Time elapsed: 4.604 s - in org.awaitility.AwaitilityIgnoreExceptionsJava8Test
jayway_awaitility=[INFO] Tests run: 19, Failures: 0, Errors: 0, Skipped: 0, Time elapsed: 14.661 s - in org.awaitility.AwaitilityJava8Test
jayway_awaitility=[INFO] Tests run: 17, Failures: 0, Errors: 0, Skipped: 0, Time elapsed: 15.885 s - in org.awaitility.ConditionEvaluationListenerJava8Test
jayway_awaitility=[INFO] Tests run: 3, Failures: 0, Errors: 0, Skipped: 0, Time elapsed: 1.112 s - in org.awaitility.IterativePollIntervalTest
jayway_awaitility=[INFO] Tests run: 5, Failures: 0, Errors: 0, Skipped: 0, Time elapsed: 6.368 s - in org.awaitility.PollIntervalTest
jayway_awaitility=[INFO] Tests run: 12, Failures: 0, Errors: 0, Skipped: 0, Time elapsed: 11.551 s - in org.awaitility.PollThreadJava8Test