NanoHttpd_nanohttpd=Tests run: 6, Failures: 0, Errors: 0, Skipped: 0, Time elapsed: 3.875 sec - in org.nanohttpd.junit.protocols.http.BadRequestTest
NanoHttpd_nanohttpd=Tests run: 7, Failures: 0, Errors: 0, Skipped: 0, Time elapsed: 3.928 sec - in org.nanohttpd.junit.protocols.http.CookieHandlerTest
NanoHttpd_nanohttpd=Tests run: 4, Failures: 0, Errors: 0, Skipped: 0, Time elapsed: 1.836 sec - in org.nanohttpd.junit.protocols.http.CookieTest
NanoHttpd_nanohttpd=Tests run: 4, Failures: 0, Errors: 0, Skipped: 0, Time elapsed: 3.433 sec - in org.nanohttpd.junit.protocols.http.HttpChunkedResponseTest
NanoHttpd_nanohttpd=Tests run: 8, Failures: 0, Errors: 0, Skipped: 0, Time elapsed: 5.181 sec - in org.nanohttpd.junit.protocols.http.HttpDeleteRequestTest
NanoHttpd_nanohttpd=Tests run: 24, Failures: 0, Errors: 0, Skipped: 0, Time elapsed: 10.415 sec - in org.nanohttpd.junit.protocols.http.HttpGetRequestTest
NanoHttpd_nanohttpd=Tests run: 19, Failures: 0, Errors: 0, Skipped: 0, Time elapsed: 10.355 sec - in org.nanohttpd.junit.protocols.http.HttpHeadRequestTest
NanoHttpd_nanohttpd=Tests run: 5, Failures: 0, Errors: 0, Skipped: 0, Time elapsed: 1,898.923 sec - in org.nanohttpd.junit.protocols.http.HttpKeepAliveTest
NanoHttpd_nanohttpd=Tests run: 6, Failures: 0, Errors: 0, Skipped: 0, Time elapsed: 9.566 sec - in org.nanohttpd.junit.protocols.http.HttpParsingTest
NanoHttpd_nanohttpd=Tests run: 12, Failures: 0, Errors: 0, Skipped: 0, Time elapsed: 6.234 sec - in org.nanohttpd.junit.protocols.http.HttpPostRequestTest
NanoHttpd_nanohttpd=Tests run: 4, Failures: 0, Errors: 0, Skipped: 0, Time elapsed: 3.697 sec - in org.nanohttpd.junit.protocols.http.HttpPutRequestTest
NanoHttpd_nanohttpd=Tests run: 3, Failures: 0, Errors: 0, Skipped: 0, Time elapsed: 2.85 sec - in org.nanohttpd.junit.protocols.http.HttpServerTest
NanoHttpd_nanohttpd=Tests run: 4, Failures: 0, Errors: 0, Skipped: 0, Time elapsed: 3.875 sec - in org.nanohttpd.junit.protocols.http.HttpSessionHeadersTest
NanoHttpd_nanohttpd=Tests run: 6, Failures: 0, Errors: 0, Skipped: 0, Time elapsed: 3.808 sec - in org.nanohttpd.junit.protocols.http.HttpSessionTest
NanoHttpd_nanohttpd=Tests run: 5, Failures: 0, Errors: 0, Skipped: 0, Time elapsed: 5.472 sec - in org.nanohttpd.junit.protocols.http.HttpSSLServerTest
NanoHttpd_nanohttpd=Tests run: 5, Failures: 0, Errors: 0, Skipped: 0, Time elapsed: 3.638 sec - in org.nanohttpd.junit.protocols.http.integration.CookieIntegrationTest
NanoHttpd_nanohttpd=Tests run: 7, Failures: 0, Errors: 0, Skipped: 0, Time elapsed: 3.909 sec - in org.nanohttpd.junit.protocols.http.integration.GetAndPostIntegrationTest
NanoHttpd_nanohttpd=Tests run: 8, Failures: 0, Errors: 0, Skipped: 0, Time elapsed: 4.45 sec - in org.nanohttpd.junit.protocols.http.integration.GZipIntegrationTest
NanoHttpd_nanohttpd=Tests run: 1, Failures: 0, Errors: 0, Skipped: 0, Time elapsed: 1.946 sec - in org.nanohttpd.junit.protocols.http.integration.PutStreamIntegrationTest
NanoHttpd_nanohttpd=Tests run: 1, Failures: 0, Errors: 0, Skipped: 0, Time elapsed: 2.171 sec - in org.nanohttpd.junit.protocols.http.integration.ShutdownTest
NanoHttpd_nanohttpd=Tests run: 7, Failures: 0, Errors: 0, Skipped: 0, Time elapsed: 4.816 sec - in org.nanohttpd.junit.protocols.http.InvalidRequestTest
NanoHttpd_nanohttpd=Tests run: 2, Failures: 0, Errors: 0, Skipped: 0, Time elapsed: 1.257 sec - in org.nanohttpd.junit.protocols.http.JavaIOTempDirExistTest
NanoHttpd_nanohttpd=Tests run: 3, Failures: 0, Errors: 0, Skipped: 0, Time elapsed: 3.008 sec - in org.nanohttpd.junit.protocols.http.LoadKeyStoreTest
NanoHttpd_nanohttpd=Tests run: 4, Failures: 0, Errors: 0, Skipped: 0, Time elapsed: 1.59 sec - in org.nanohttpd.junit.protocols.http.MimeTest
NanoHttpd_nanohttpd=Tests run: 3, Failures: 0, Errors: 0, Skipped: 0, Time elapsed: 1.388 sec - in org.nanohttpd.junit.protocols.http.ServerSocketFactoryTest
NanoHttpd_nanohttpd=Tests run: 5, Failures: 0, Errors: 0, Skipped: 0, Time elapsed: 5.129 sec - in org.nanohttpd.junit.protocols.http.SSLServerSocketFactoryTest
NanoHttpd_nanohttpd=Tests run: 2, Failures: 0, Errors: 0, Skipped: 0, Time elapsed: 2.591 sec - in org.nanohttpd.junit.protocols.http.StatusTest
NanoHttpd_nanohttpd=Tests run: 4, Failures: 0, Errors: 0, Skipped: 0, Time elapsed: 4.922 sec - in org.nanohttpd.junit.webserver.TestCorsHttpServer
NanoHttpd_nanohttpd=Tests run: 2, Failures: 0, Errors: 0, Skipped: 0, Time elapsed: 3.756 sec - in org.nanohttpd.junit.webserver.TestCorsHttpServerWithSingleOrigin
NanoHttpd_nanohttpd=Tests run: 12, Failures: 0, Errors: 0, Skipped: 0, Time elapsed: 6.33 sec - in org.nanohttpd.junit.webserver.TestHttpServer
NanoHttpd_nanohttpd=Tests run: 2, Failures: 0, Errors: 0, Skipped: 0, Time elapsed: 3.949 sec - in org.nanohttpd.junit.protocols.websockets.EchoWebSocketsTest
NanoHttpd_nanohttpd=Tests run: 13, Failures: 0, Errors: 0, Skipped: 0, Time elapsed: 7.171 sec - in org.nanohttpd.junit.protocols.websockets.WebSocketResponseHandlerTest
NanoHttpd_nanohttpd=Tests run: 37, Failures: 0, Errors: 0, Skipped: 0, Time elapsed: 12.72 sec - in org.nanohttpd.junit.router.TestNanolets
NanoHttpd_nanohttpd=Tests run: 4, Failures: 0, Errors: 0, Skipped: 0, Time elapsed: 4.43 sec - in org.nanohttpd.junit.fileupload.TestNanoFileUpLoad