rest-assured-master=Tests run: 2, Failures: 0, Errors: 0, Skipped: 0, Time elapsed: 0.5 sec
Tests run: 3, Failures: 0, Errors: 0, Skipped: 0, Time elapsed: 0.274 sec
Tests run: 2, Failures: 0, Errors: 0, Skipped: 0, Time elapsed: 0.681 sec
Tests run: 4, Failures: 0, Errors: 0, Skipped: 0, Time elapsed: 0.059 sec
Tests run: 4, Failures: 0, Errors: 0, Skipped: 0, Time elapsed: 0.296 sec
Tests run: 59, Failures: 0, Errors: 0, Skipped: 0, Time elapsed: 0.473 sec
Tests run: 1, Failures: 0, Errors: 0, Skipped: 0, Time elapsed: 0.935 sec
Tests run: 2, Failures: 0, Errors: 0, Skipped: 0, Time elapsed: 0.059 sec
Tests run: 3, Failures: 0, Errors: 0, Skipped: 0, Time elapsed: 0.134 sec
Tests run: 5, Failures: 0, Errors: 0, Skipped: 0, Time elapsed: 0.177 sec
Tests run: 8, Failures: 0, Errors: 0, Skipped: 0, Time elapsed: 0.288 sec
Tests run: 3, Failures: 0, Errors: 0, Skipped: 0, Time elapsed: 0.035 sec
Tests run: 60, Failures: 0, Errors: 0, Skipped: 0, Time elapsed: 0.569 sec
Tests run: 2, Failures: 0, Errors: 0, Skipped: 0, Time elapsed: 0.47 sec
Tests run: 2, Failures: 0, Errors: 0, Skipped: 0, Time elapsed: 0.016 sec
Tests run: 3, Failures: 0, Errors: 0, Skipped: 0, Time elapsed: 0.231 sec
Tests run: 42, Failures: 0, Errors: 0, Skipped: 0, Time elapsed: 1.03 sec
Tests run: 7, Failures: 0, Errors: 0, Skipped: 0, Time elapsed: 0.006 sec
Tests run: 4, Failures: 0, Errors: 0, Skipped: 0, Time elapsed: 0.013 sec
Tests run: 9, Failures: 0, Errors: 0, Skipped: 0, Time elapsed: 0.001 sec
Tests run: 5, Failures: 0, Errors: 0, Skipped: 0, Time elapsed: 0.033 sec
Tests run: 3, Failures: 0, Errors: 0, Skipped: 0, Time elapsed: 0.081 sec
Tests run: 12, Failures: 0, Errors: 0, Skipped: 0, Time elapsed: 0.006 sec
Tests run: 5, Failures: 0, Errors: 0, Skipped: 0, Time elapsed: 0 sec
Tests run: 1, Failures: 0, Errors: 0, Skipped: 0, Time elapsed: 0.002 sec
Tests run: 5, Failures: 0, Errors: 0, Skipped: 0, Time elapsed: 0.007 sec
Tests run: 1, Failures: 0, Errors: 0, Skipped: 0, Time elapsed: 0 sec
Tests run: 2, Failures: 0, Errors: 0, Skipped: 0, Time elapsed: 0.008 sec
Tests run: 8, Failures: 0, Errors: 0, Skipped: 0, Time elapsed: 0.002 sec
Tests run: 7, Failures: 0, Errors: 0, Skipped: 0, Time elapsed: 0.001 sec
Tests run: 2, Failures: 0, Errors: 0, Skipped: 0, Time elapsed: 0.038 sec
Tests run: 6, Failures: 0, Errors: 0, Skipped: 0, Time elapsed: 0.045 sec
Tests run: 6, Failures: 0, Errors: 0, Skipped: 0, Time elapsed: 0.026 sec
Tests run: 1, Failures: 0, Errors: 0, Skipped: 0, Time elapsed: 0.133 sec
Tests run: 25, Failures: 0, Errors: 0, Skipped: 0, Time elapsed: 0.099 sec
Tests run: 7, Failures: 0, Errors: 0, Skipped: 0, Time elapsed: 1.512 sec
Tests run: 2, Failures: 0, Errors: 0, Skipped: 0, Time elapsed: 0.401 sec
Tests run: 5, Failures: 0, Errors: 0, Skipped: 0, Time elapsed: 0.183 sec
Tests run: 4, Failures: 0, Errors: 0, Skipped: 0, Time elapsed: 0.095 sec
Tests run: 6, Failures: 0, Errors: 0, Skipped: 0, Time elapsed: 0.137 sec
Tests run: 3, Failures: 0, Errors: 0, Skipped: 0, Time elapsed: 0.102 sec
Tests run: 1, Failures: 0, Errors: 0, Skipped: 0, Time elapsed: 0.033 sec
Tests run: 4, Failures: 0, Errors: 0, Skipped: 0, Time elapsed: 0.133 sec
Tests run: 2, Failures: 0, Errors: 0, Skipped: 0, Time elapsed: 0.058 sec
Tests run: 8, Failures: 0, Errors: 0, Skipped: 0, Time elapsed: 0.141 sec
Tests run: 5, Failures: 0, Errors: 0, Skipped: 0, Time elapsed: 0.353 sec
Tests run: 1, Failures: 0, Errors: 0, Skipped: 0, Time elapsed: 0.024 sec
Tests run: 1, Failures: 0, Errors: 0, Skipped: 0, Time elapsed: 0.027 sec
Tests run: 8, Failures: 0, Errors: 0, Skipped: 0, Time elapsed: 0.245 sec
Tests run: 1, Failures: 0, Errors: 0, Skipped: 0, Time elapsed: 0.027 sec
Tests run: 7, Failures: 0, Errors: 0, Skipped: 0, Time elapsed: 0.184 sec
Tests run: 27, Failures: 0, Errors: 0, Skipped: 0, Time elapsed: 0.156 sec
Tests run: 2, Failures: 0, Errors: 0, Skipped: 0, Time elapsed: 0.066 sec
Tests run: 2, Failures: 0, Errors: 0, Skipped: 0, Time elapsed: 0.042 sec
Tests run: 3, Failures: 0, Errors: 0, Skipped: 0, Time elapsed: 0.061 sec
Tests run: 2, Failures: 0, Errors: 0, Skipped: 0, Time elapsed: 0.036 sec
Tests run: 3, Failures: 0, Errors: 0, Skipped: 0, Time elapsed: 0.087 sec
Tests run: 4, Failures: 0, Errors: 0, Skipped: 0, Time elapsed: 0.042 sec
Tests run: 2, Failures: 0, Errors: 0, Skipped: 0, Time elapsed: 0.057 sec
Tests run: 7, Failures: 0, Errors: 0, Skipped: 0, Time elapsed: 0.15 sec
Tests run: 2, Failures: 0, Errors: 0, Skipped: 0, Time elapsed: 0.045 sec
Tests run: 2, Failures: 0, Errors: 0, Skipped: 0, Time elapsed: 0.097 sec
Tests run: 4, Failures: 0, Errors: 0, Skipped: 0, Time elapsed: 0.049 sec
Tests run: 1, Failures: 0, Errors: 0, Skipped: 0, Time elapsed: 0.023 sec
Tests run: 12, Failures: 0, Errors: 0, Skipped: 0, Time elapsed: 0.194 sec
Tests run: 1, Failures: 0, Errors: 0, Skipped: 0, Time elapsed: 1.048 sec
Tests run: 7, Failures: 0, Errors: 0, Skipped: 0, Time elapsed: 2.433 sec
Tests run: 2, Failures: 0, Errors: 0, Skipped: 0, Time elapsed: 1.389 sec
Tests run: 9, Failures: 0, Errors: 0, Skipped: 0, Time elapsed: 0.158 sec
Tests run: 15, Failures: 0, Errors: 0, Skipped: 0, Time elapsed: 0.718 sec
Tests run: 1, Failures: 0, Errors: 0, Skipped: 0, Time elapsed: 0.036 sec
Tests run: 2, Failures: 0, Errors: 0, Skipped: 0, Time elapsed: 0.026 sec
Tests run: 2, Failures: 0, Errors: 0, Skipped: 0, Time elapsed: 1.582 sec
Tests run: 1, Failures: 0, Errors: 0, Skipped: 0, Time elapsed: 1.26 sec