sryza_spark-timeseries=Tests run: 4, Failures: 0, Errors: 0, Skipped: 0, Time elapsed: 8.837 sec - in com.cloudera.sparkts.api.java.DateTimeIndexFactoryTest
Tests run: 4, Failures: 0, Errors: 0, Skipped: 0, Time elapsed: 15.41 sec - in com.cloudera.sparkts.api.java.JavaTimeSeriesFactoryTest
Tests run: 9, Failures: 0, Errors: 0, Skipped: 0, Time elapsed: 10,842.335 sec - in com.cloudera.sparkts.api.java.JavaTimeSeriesRDDFactoryTest